<?xml version="1.0" encoding="UTF-8"?>
<!-- Generated by org.testng.reporters.JUnitReportReporter -->
<testsuite skipped="0" hostname="Rajesh-PC" name="testCases.TG002_LoginDDT" tests="4" failures="0" timestamp="08 Jun 2025 05:52:39 GMT" time="0.070" errors="0">
  <testcase name="verify_loginDDT" time="0.059" classname="testCases.TG002_LoginDDT"/>
  <testcase name="verify_loginDDT" time="0.003" classname="testCases.TG002_LoginDDT"/>
  <testcase name="verify_loginDDT" time="0.002" classname="testCases.TG002_LoginDDT"/>
  <testcase name="verify_loginDDT" time="0.006" classname="testCases.TG002_LoginDDT"/>
</testsuite> <!-- testCases.TG002_LoginDDT -->
