<?xml version="1.0" encoding="UTF-8"?>
<!-- Generated by org.testng.reporters.JUnitReportReporter -->
<testsuite skipped="0" hostname="Rajesh-PC" name="testCases.TG002_LoginTest" tests="1" failures="0" timestamp="10 Jun 2025 10:35:36 GMT" time="7.102" errors="0">
  <testcase name="loginTest" time="7.102" classname="testCases.TG002_LoginTest"/>
</testsuite> <!-- testCases.TG002_LoginTest -->
