<?xml version="1.0" encoding="UTF-8"?>
<!-- Generated by org.testng.reporters.JUnitReportReporter -->
<testsuite skipped="0" hostname="Rajesh-PC" name="testCases.AccountRegistrationTest" tests="2" failures="0" timestamp="06 Jun 2025 05:22:53 GMT" time="6.995" errors="0">
  <testcase name="register" time="0.419" classname="testCases.AccountRegistrationTest"/>
  <testcase name="reg" time="6.576" classname="testCases.AccountRegistrationTest"/>
</testsuite> <!-- testCases.AccountRegistrationTest -->
