<?xml version="1.0" encoding="UTF-8"?>
<!-- Generated by org.testng.reporters.JUnitReportReporter -->
<testsuite skipped="0" hostname="Rajesh-PC" name="testCases.TG001_AccountRegistrationTest" tests="1" failures="0" timestamp="11 Jun 2025 08:24:53 GMT" time="7.662" errors="0">
  <testcase name="verify_Account_Registration" time="7.662" classname="testCases.TG001_AccountRegistrationTest"/>
</testsuite> <!-- testCases.TG001_AccountRegistrationTest -->
