<?xml version="1.0" encoding="UTF-8"?>
<!-- Generated by org.testng.reporters.JUnitReportReporter -->
<testsuite skipped="0" hostname="Rajesh-PC" name="testCases.TG002_LoginTest" tests="1" failures="0" timestamp="11 Jun 2025 08:24:53 GMT" time="7.223" errors="0">
  <testcase name="loginTest" time="7.223" classname="testCases.TG002_LoginTest"/>
</testsuite> <!-- testCases.TG002_LoginTest -->
